{"C:\\xampp\\htdocs\\Markdown Links\\cdmx-2018-01-FE-markdown\\src\\index.js": {"path":"C:\\xampp\\htdocs\\Markdown Links\\cdmx-2018-01-FE-markdown\\src\\index.js","statementMap":{"0":{"start":{"line":3,"column":13},"end":{"line":3,"column":28}},"1":{"start":{"line":4,"column":11},"end":{"line":4,"column":24}},"2":{"start":{"line":5,"column":14},"end":{"line":5,"column":35}},"3":{"start":{"line":22,"column":14},"end":{"line":31,"column":1}},"4":{"start":{"line":23,"column":2},"end":{"line":30,"column":3}},"5":{"start":{"line":26,"column":4},"end":{"line":26,"column":44}},"6":{"start":{"line":27,"column":4},"end":{"line":27,"column":28}},"7":{"start":{"line":29,"column":4},"end":{"line":29,"column":23}},"8":{"start":{"line":35,"column":19},"end":{"line":41,"column":1}},"9":{"start":{"line":36,"column":21},"end":{"line":36,"column":251}},"10":{"start":{"line":37,"column":16},"end":{"line":37,"column":38}},"11":{"start":{"line":39,"column":20},"end":{"line":39,"column":39}},"12":{"start":{"line":40,"column":2},"end":{"line":40,"column":18}},"13":{"start":{"line":44,"column":13},"end":{"line":59,"column":1}},"14":{"start":{"line":45,"column":18},"end":{"line":55,"column":4}},"15":{"start":{"line":46,"column":21},"end":{"line":46,"column":61}},"16":{"start":{"line":48,"column":17},"end":{"line":51,"column":5}},"17":{"start":{"line":52,"column":4},"end":{"line":52,"column":26}},"18":{"start":{"line":54,"column":4},"end":{"line":54,"column":16}},"19":{"start":{"line":58,"column":2},"end":{"line":58,"column":19}},"20":{"start":{"line":61,"column":18},"end":{"line":89,"column":1}},"21":{"start":{"line":62,"column":19},"end":{"line":62,"column":21}},"22":{"start":{"line":63,"column":2},"end":{"line":88,"column":7}},"23":{"start":{"line":66,"column":6},"end":{"line":80,"column":7}},"24":{"start":{"line":67,"column":8},"end":{"line":72,"column":11}},"25":{"start":{"line":74,"column":8},"end":{"line":79,"column":11}},"26":{"start":{"line":81,"column":6},"end":{"line":81,"column":24}},"27":{"start":{"line":84,"column":6},"end":{"line":84,"column":26}},"28":{"start":{"line":87,"column":6},"end":{"line":87,"column":34}},"29":{"start":{"line":92,"column":16},"end":{"line":102,"column":1}},"30":{"start":{"line":93,"column":2},"end":{"line":101,"column":5}},"31":{"start":{"line":94,"column":4},"end":{"line":100,"column":7}},"32":{"start":{"line":95,"column":6},"end":{"line":97,"column":7}},"33":{"start":{"line":96,"column":8},"end":{"line":96,"column":29}},"34":{"start":{"line":99,"column":6},"end":{"line":99,"column":23}},"35":{"start":{"line":105,"column":0},"end":{"line":113,"column":2}}},"fnMap":{"0":{"name":"(anonymous_0)","decl":{"start":{"line":22,"column":14},"end":{"line":22,"column":15}},"loc":{"start":{"line":22,"column":39},"end":{"line":31,"column":1}},"line":22},"1":{"name":"(anonymous_1)","decl":{"start":{"line":35,"column":19},"end":{"line":35,"column":20}},"loc":{"start":{"line":35,"column":30},"end":{"line":41,"column":1}},"line":35},"2":{"name":"(anonymous_2)","decl":{"start":{"line":44,"column":13},"end":{"line":44,"column":14}},"loc":{"start":{"line":44,"column":28},"end":{"line":59,"column":1}},"line":44},"3":{"name":"(anonymous_3)","decl":{"start":{"line":45,"column":32},"end":{"line":45,"column":33}},"loc":{"start":{"line":45,"column":41},"end":{"line":55,"column":3}},"line":45},"4":{"name":"(anonymous_4)","decl":{"start":{"line":61,"column":18},"end":{"line":61,"column":19}},"loc":{"start":{"line":61,"column":32},"end":{"line":89,"column":1}},"line":61},"5":{"name":"(anonymous_5)","decl":{"start":{"line":65,"column":10},"end":{"line":65,"column":11}},"loc":{"start":{"line":65,"column":21},"end":{"line":82,"column":5}},"line":65},"6":{"name":"(anonymous_6)","decl":{"start":{"line":83,"column":10},"end":{"line":83,"column":11}},"loc":{"start":{"line":83,"column":20},"end":{"line":85,"column":5}},"line":83},"7":{"name":"(anonymous_7)","decl":{"start":{"line":86,"column":11},"end":{"line":86,"column":12}},"loc":{"start":{"line":86,"column":20},"end":{"line":88,"column":5}},"line":86},"8":{"name":"(anonymous_8)","decl":{"start":{"line":92,"column":16},"end":{"line":92,"column":17}},"loc":{"start":{"line":92,"column":35},"end":{"line":102,"column":1}},"line":92},"9":{"name":"(anonymous_9)","decl":{"start":{"line":93,"column":14},"end":{"line":93,"column":15}},"loc":{"start":{"line":93,"column":33},"end":{"line":101,"column":3}},"line":93},"10":{"name":"(anonymous_10)","decl":{"start":{"line":94,"column":39},"end":{"line":94,"column":40}},"loc":{"start":{"line":94,"column":54},"end":{"line":100,"column":5}},"line":94}},"branchMap":{"0":{"loc":{"start":{"line":23,"column":2},"end":{"line":30,"column":3}},"type":"if","locations":[{"start":{"line":23,"column":2},"end":{"line":30,"column":3}},{"start":{"line":23,"column":2},"end":{"line":30,"column":3}}],"line":23},"1":{"loc":{"start":{"line":66,"column":6},"end":{"line":80,"column":7}},"type":"if","locations":[{"start":{"line":66,"column":6},"end":{"line":80,"column":7}},{"start":{"line":66,"column":6},"end":{"line":80,"column":7}}],"line":66},"2":{"loc":{"start":{"line":95,"column":6},"end":{"line":97,"column":7}},"type":"if","locations":[{"start":{"line":95,"column":6},"end":{"line":97,"column":7}},{"start":{"line":95,"column":6},"end":{"line":97,"column":7}}],"line":95}},"s":{"0":1,"1":1,"2":1,"3":1,"4":0,"5":0,"6":0,"7":0,"8":1,"9":0,"10":0,"11":0,"12":0,"13":1,"14":0,"15":0,"16":0,"17":0,"18":0,"19":0,"20":1,"21":0,"22":0,"23":0,"24":0,"25":0,"26":0,"27":0,"28":0,"29":1,"30":0,"31":0,"32":0,"33":0,"34":0,"35":1},"f":{"0":0,"1":0,"2":0,"3":0,"4":0,"5":0,"6":0,"7":0,"8":0,"9":0,"10":0},"b":{"0":[0,0],"1":[0,0],"2":[0,0]},"_coverageSchema":"332fd63041d2c1bcb487cc26dd0d5f7d97098a6c","hash":"d513b944716544c62e2feec39e5d35c9c2235448"}
}
