TN:
SF:C:\xampp\htdocs\Markdown Links\cdmx-2018-01-FE-markdown\src\index.js
FN:22,(anonymous_0)
FN:35,(anonymous_1)
FN:44,(anonymous_2)
FN:45,(anonymous_3)
FN:61,(anonymous_4)
FN:65,(anonymous_5)
FN:83,(anonymous_6)
FN:86,(anonymous_7)
FN:92,(anonymous_8)
FN:93,(anonymous_9)
FN:94,(anonymous_10)
FNF:11
FNH:0
FNDA:0,(anonymous_0)
FNDA:0,(anonymous_1)
FNDA:0,(anonymous_2)
FNDA:0,(anonymous_3)
FNDA:0,(anonymous_4)
FNDA:0,(anonymous_5)
FNDA:0,(anonymous_6)
FNDA:0,(anonymous_7)
FNDA:0,(anonymous_8)
FNDA:0,(anonymous_9)
FNDA:0,(anonymous_10)
DA:3,1
DA:4,1
DA:5,1
DA:22,1
DA:23,0
DA:26,0
DA:27,0
DA:29,0
DA:35,1
DA:36,0
DA:37,0
DA:39,0
DA:40,0
DA:44,1
DA:45,0
DA:46,0
DA:48,0
DA:52,0
DA:54,0
DA:58,0
DA:61,1
DA:62,0
DA:63,0
DA:66,0
DA:67,0
DA:74,0
DA:81,0
DA:84,0
DA:87,0
DA:92,1
DA:93,0
DA:94,0
DA:95,0
DA:96,0
DA:99,0
DA:105,1
LF:36
LH:9
BRDA:23,0,0,0
BRDA:23,0,1,0
BRDA:66,1,0,0
BRDA:66,1,1,0
BRDA:95,2,0,0
BRDA:95,2,1,0
BRF:6
BRH:0
end_of_record
